0 info it worked if it ends with ok
1 verbose cli [ '/usr/local/bin/node', '/usr/local/bin/npm', 'start' ]
2 info using npm@3.3.12
3 info using node@v5.4.0
4 verbose run-script [ 'prestart', 'start', 'poststart' ]
5 info lifecycle lliam@0.0.0~prestart: lliam@0.0.0
6 silly lifecycle lliam@0.0.0~prestart: no script for prestart, continuing
7 info lifecycle lliam@0.0.0~start: lliam@0.0.0
8 verbose lifecycle lliam@0.0.0~start: unsafe-perm in lifecycle true
9 verbose lifecycle lliam@0.0.0~start: PATH: /usr/local/lib/node_modules/npm/bin/node-gyp-bin:/Users/dmr/Desktop/bill/lliam/node_modules/.bin:/opt/local/bin:/opt/local/sbin:/opt/local/bin:/opt/local/sbin:/Users/dmr/.node/bin:/Users/dmr/anaconda/bin:/Users/dmr/.rvm/gems/ruby-2.2.0/bin:/Users/dmr/.rvm/gems/ruby-2.2.0@global/bin:/Users/dmr/.rvm/rubies/ruby-2.2.0/bin:/opt/local/lib/postgresql93/bin:/usr/local/bin:/usr/bin:/bin:/usr/sbin:/sbin:/opt/X11/bin:/Users/dmr/workspace/genomics/BioTools/wgsim:/Users/dmr/workspace/genomics/BioTools/bowtie2-2.2.5:/Applications/CMake.app/Contents/bin:/Users/dmr/workspace/genomics/BioTools/ncbi/sratoolkit.2.5.1-mac64/bin:/Users/dmr/workspace/genomics/BioTools/kmergenie-1.6976:/Users/dmr/workspace/genomics/BioTools/Trimmomatic-0.33:/Users/dmr/.rvm/bin
10 verbose lifecycle lliam@0.0.0~start: CWD: /Users/dmr/Desktop/bill/lliam
11 silly lifecycle lliam@0.0.0~start: Args: [ '-c', 'node ./bin/www' ]
12 silly lifecycle lliam@0.0.0~start: Returned: code: 1  signal: null
13 info lifecycle lliam@0.0.0~start: Failed to exec start script
14 verbose stack Error: lliam@0.0.0 start: `node ./bin/www`
14 verbose stack Exit status 1
14 verbose stack     at EventEmitter.<anonymous> (/usr/local/lib/node_modules/npm/lib/utils/lifecycle.js:232:16)
14 verbose stack     at emitTwo (events.js:87:13)
14 verbose stack     at EventEmitter.emit (events.js:172:7)
14 verbose stack     at ChildProcess.<anonymous> (/usr/local/lib/node_modules/npm/lib/utils/spawn.js:24:14)
14 verbose stack     at emitTwo (events.js:87:13)
14 verbose stack     at ChildProcess.emit (events.js:172:7)
14 verbose stack     at maybeClose (internal/child_process.js:821:16)
14 verbose stack     at Process.ChildProcess._handle.onexit (internal/child_process.js:211:5)
15 verbose pkgid lliam@0.0.0
16 verbose cwd /Users/dmr/Desktop/bill/lliam
17 error Darwin 15.3.0
18 error argv "/usr/local/bin/node" "/usr/local/bin/npm" "start"
19 error node v5.4.0
20 error npm  v3.3.12
21 error code ELIFECYCLE
22 error lliam@0.0.0 start: `node ./bin/www`
22 error Exit status 1
23 error Failed at the lliam@0.0.0 start script 'node ./bin/www'.
23 error Make sure you have the latest version of node.js and npm installed.
23 error If you do, this is most likely a problem with the lliam package,
23 error not with npm itself.
23 error Tell the author that this fails on your system:
23 error     node ./bin/www
23 error You can get their info via:
23 error     npm owner ls lliam
23 error There is likely additional logging output above.
24 verbose exit [ 1, true ]
